<?xml version="1.0" encoding="UTF-8"?>
<!-- Generated by org.testng.reporters.JUnitXMLReporter -->
<testsuite hostname="DESKTOP-A2HUG71" ignored="0" name="my hub spot test firefox" tests="3" failures="0" timestamp="28 Mar 2020 13:35:20 GMT" time="136.901" errors="0">
  <testcase name="verifyLoginPageTitleTest" time="0.0" classname="com.mytests.LoginTest"/>
  <testcase name="verifyLoginPageHeaderTest" time="3.228" classname="com.mytests.LoginTest"/>
  <testcase name="doLoginTest" time="24.377" classname="com.mytests.LoginTest"/>
</testsuite> <!-- my hub spot test firefox -->
