<?xml version="1.0" encoding="UTF-8"?>
<!-- Generated by org.testng.reporters.JUnitXMLReporter -->
<testsuite hostname="DESKTOP-A2HUG71" ignored="0" name="my hub spot test chrome" tests="3" failures="0" timestamp="28 Mar 2020 13:34:57 GMT" time="112.716" errors="0">
  <testcase name="verifyLoginPageTitleTest" time="8.094" classname="com.mytests.LoginTest"/>
  <testcase name="verifyLoginPageHeaderTest" time="5.016" classname="com.mytests.LoginTest"/>
  <testcase name="doLoginTest" time="25.671" classname="com.mytests.LoginTest"/>
</testsuite> <!-- my hub spot test chrome -->
